<?xml version="1.0"?>
<testsuite name="PhantomJS 2.1.1 (Windows 8 0.0.0)" package="reason-ux" timestamp="2016-10-24T08:34:28" id="0" hostname="LAB10PC0CLZY4" tests="3" errors="0" failures="2" time="0.536">
  <properties>
    <property name="browser.fullName" value="Mozilla/5.0 (Windows NT 6.2; WOW64) AppleWebKit/538.1 (KHTML, like Gecko) PhantomJS/2.1.1 Safari/538.1"/>
  </properties>
  <testcase name="Smoke test should run a passing test" time="0.004" classname="reason-ux.Smoke test"/>
  <testcase name="AppComponent with TCB should instantiate component" time="0.307" classname="reason-ux.AppComponent with TCB">
    <failure type="">Error: Template parse errors:
Can't bind to 'routerLink' since it isn't a known property of 'a'. (" mobile display --&gt;&#xD;
      &lt;div class="navbar-header" style='background-color:#e7e7e7'&gt;&#xD;
        &lt;a [ERROR -&gt;][routerLink]="['/home']" style='background-color:#e7e7e7'&gt;&lt;img src="assets/Images/ReasonLogo.png" hei"): AppComponent@9:11
Can't bind to 'routerLink' since it isn't a known property of 'a'. ("ar-right"&gt;&#xD;
      &lt;li&gt;&lt;a href="#"&gt;absa\Leewayne&lt;/a&gt;&lt;/li&gt;&#xD;
      &lt;li&gt;&lt;a class="mdl-navigation__link" [ERROR -&gt;][routerLink]="['/admin']"&gt;Admin&lt;/a&gt;&lt;/li&gt;&#xD;
      &lt;li&gt;&lt;a class="mdl-navigation__link" [routerLink]="['/"): AppComponent@23:42
Can't bind to 'routerLink' since it isn't a known property of 'a'. ("vigation__link" [routerLink]="['/admin']"&gt;Admin&lt;/a&gt;&lt;/li&gt;&#xD;
      &lt;li&gt;&lt;a class="mdl-navigation__link" [ERROR -&gt;][routerLink]="['/std']"&gt;Std&lt;/a&gt;&lt;/li&gt;&#xD;
      &lt;li&gt;&lt;a class="mdl-navigation__link" [routerLink]="['/feed"): AppComponent@24:42
Can't bind to 'routerLink' since it isn't a known property of 'a'. ("l-navigation__link" [routerLink]="['/std']"&gt;Std&lt;/a&gt;&lt;/li&gt;&#xD;
      &lt;li&gt;&lt;a class="mdl-navigation__link" [ERROR -&gt;][routerLink]="['/feedback']"&gt;Feedback&lt;/a&gt;&lt;/li&gt;&#xD;
&#xD;
    &lt;/ul&gt;&#xD;
"): AppComponent@25:42
'router-outlet' is not a known element:
1. If 'router-outlet' is an Angular component, then verify that it is part of this module.
2. If 'router-outlet' is a Web Component then add "CUSTOM_ELEMENTS_SCHEMA" to the '@NgModule.schemas' of this component to suppress this message. (" Router Outlet --&gt;&#xD;
    &lt;div class="container" style="margin-top:60px;margin-bottom:100px;"&gt;&#xD;
      [ERROR -&gt;]&lt;router-outlet&gt;&lt;/router-outlet&gt;&#xD;
    &lt;/div&gt;&#xD;
&#xD;
"): AppComponent@38:6 in http://localhost:9876/_karma_webpack_/2.bundle.js (line 6107)
parse@http://localhost:9876/_karma_webpack_/2.bundle.js:6107:70
_compileTemplate@http://localhost:9876/_karma_webpack_/2.bundle.js:14182:56
http://localhost:9876/_karma_webpack_/2.bundle.js:14104:99
forEach@webpack:///C:/Users/abaj430/Documents/Projects/Reason/Reason-ux2/reason-ux/~/core-js/modules/_collection-strong.js:72:0 &lt;- src/test.ts:16948:12
compile@http://localhost:9876/_karma_webpack_/2.bundle.js:14104:54
_compileComponents@http://localhost:9876/_karma_webpack_/2.bundle.js:14106:20
_compileModuleAndAllComponents@http://localhost:9876/_karma_webpack_/2.bundle.js:14023:55
compileModuleAndAllComponentsSync@http://localhost:9876/_karma_webpack_/2.bundle.js:14011:51
compileModuleAndAllComponentsSync@http://localhost:9876/_karma_webpack_/2.bundle.js:17201:68
_initIfNeeded@webpack:///C:/Users/abaj430/Documents/Projects/Reason/Reason-ux2/reason-ux/~/@angular/core/bundles/core-testing.umd.js:802:0 &lt;- src/test.ts:5414:73
createComponent@webpack:///C:/Users/abaj430/Documents/Projects/Reason/Reason-ux2/reason-ux/~/@angular/core/bundles/core-testing.umd.js:884:0 &lt;- src/test.ts:5496:31
createComponent@webpack:///C:/Users/abaj430/Documents/Projects/Reason/Reason-ux2/reason-ux/~/@angular/core/bundles/core-testing.umd.js:714:0 &lt;- src/test.ts:5326:48
webpack:///C:/Users/abaj430/Documents/Projects/Reason/Reason-ux2/reason-ux/src/app/app.component.spec.ts:23:42 &lt;- src/test.ts:24889:56
invoke@webpack:///C:/Users/abaj430/Documents/Projects/Reason/Reason-ux2/reason-ux/~/zone.js/dist/zone.js:232:0 &lt;- src/test.ts:28182:31
onInvoke@webpack:///C:/Users/abaj430/Documents/Projects/Reason/Reason-ux2/reason-ux/~/zone.js/dist/proxy.js:79:0 &lt;- src/test.ts:18594:45
invoke@webpack:///C:/Users/abaj430/Documents/Projects/Reason/Reason-ux2/reason-ux/~/zone.js/dist/zone.js:231:0 &lt;- src/test.ts:28181:40
run@webpack:///C:/Users/abaj430/Documents/Projects/Reason/Reason-ux2/reason-ux/~/zone.js/dist/zone.js:114:0 &lt;- src/test.ts:28064:49
webpack:///C:/Users/abaj430/Documents/Projects/Reason/Reason-ux2/reason-ux/~/zone.js/dist/jasmine-patch.js:102:0 &lt;- src/test.ts:18309:37
execute@webpack:///C:/Users/abaj430/Documents/Projects/Reason/Reason-ux2/reason-ux/~/zone.js/dist/jasmine-patch.js:132:0 &lt;- src/test.ts:18339:46
execute@webpack:///C:/Users/abaj430/Documents/Projects/Reason/Reason-ux2/reason-ux/~/zone.js/dist/jasmine-patch.js:132:0 &lt;- src/test.ts:18339:46
invokeTask@webpack:///C:/Users/abaj430/Documents/Projects/Reason/Reason-ux2/reason-ux/~/zone.js/dist/zone.js:265:0 &lt;- src/test.ts:28215:40
runTask@webpack:///C:/Users/abaj430/Documents/Projects/Reason/Reason-ux2/reason-ux/~/zone.js/dist/zone.js:154:0 &lt;- src/test.ts:28104:57
drainMicroTaskQueue@webpack:///C:/Users/abaj430/Documents/Projects/Reason/Reason-ux2/reason-ux/~/zone.js/dist/zone.js:401:0 &lt;- src/test.ts:28351:42
invoke@webpack:///C:/Users/abaj430/Documents/Projects/Reason/Reason-ux2/reason-ux/~/zone.js/dist/zone.js:339:0 &lt;- src/test.ts:28289:44
</failure>
  </testcase>
  <testcase name="AppComponent with TCB should have expected &lt;h1> text" time="0.225" classname="reason-ux.AppComponent with TCB">
    <failure type="">Error: Template parse errors:
Can't bind to 'routerLink' since it isn't a known property of 'a'. (" mobile display --&gt;&#xD;
      &lt;div class="navbar-header" style='background-color:#e7e7e7'&gt;&#xD;
        &lt;a [ERROR -&gt;][routerLink]="['/home']" style='background-color:#e7e7e7'&gt;&lt;img src="assets/Images/ReasonLogo.png" hei"): AppComponent@9:11
Can't bind to 'routerLink' since it isn't a known property of 'a'. ("ar-right"&gt;&#xD;
      &lt;li&gt;&lt;a href="#"&gt;absa\Leewayne&lt;/a&gt;&lt;/li&gt;&#xD;
      &lt;li&gt;&lt;a class="mdl-navigation__link" [ERROR -&gt;][routerLink]="['/admin']"&gt;Admin&lt;/a&gt;&lt;/li&gt;&#xD;
      &lt;li&gt;&lt;a class="mdl-navigation__link" [routerLink]="['/"): AppComponent@23:42
Can't bind to 'routerLink' since it isn't a known property of 'a'. ("vigation__link" [routerLink]="['/admin']"&gt;Admin&lt;/a&gt;&lt;/li&gt;&#xD;
      &lt;li&gt;&lt;a class="mdl-navigation__link" [ERROR -&gt;][routerLink]="['/std']"&gt;Std&lt;/a&gt;&lt;/li&gt;&#xD;
      &lt;li&gt;&lt;a class="mdl-navigation__link" [routerLink]="['/feed"): AppComponent@24:42
Can't bind to 'routerLink' since it isn't a known property of 'a'. ("l-navigation__link" [routerLink]="['/std']"&gt;Std&lt;/a&gt;&lt;/li&gt;&#xD;
      &lt;li&gt;&lt;a class="mdl-navigation__link" [ERROR -&gt;][routerLink]="['/feedback']"&gt;Feedback&lt;/a&gt;&lt;/li&gt;&#xD;
&#xD;
    &lt;/ul&gt;&#xD;
"): AppComponent@25:42
'router-outlet' is not a known element:
1. If 'router-outlet' is an Angular component, then verify that it is part of this module.
2. If 'router-outlet' is a Web Component then add "CUSTOM_ELEMENTS_SCHEMA" to the '@NgModule.schemas' of this component to suppress this message. (" Router Outlet --&gt;&#xD;
    &lt;div class="container" style="margin-top:60px;margin-bottom:100px;"&gt;&#xD;
      [ERROR -&gt;]&lt;router-outlet&gt;&lt;/router-outlet&gt;&#xD;
    &lt;/div&gt;&#xD;
&#xD;
"): AppComponent@38:6 in http://localhost:9876/_karma_webpack_/2.bundle.js (line 6107)
parse@http://localhost:9876/_karma_webpack_/2.bundle.js:6107:70
_compileTemplate@http://localhost:9876/_karma_webpack_/2.bundle.js:14182:56
http://localhost:9876/_karma_webpack_/2.bundle.js:14104:99
forEach@webpack:///C:/Users/abaj430/Documents/Projects/Reason/Reason-ux2/reason-ux/~/core-js/modules/_collection-strong.js:72:0 &lt;- src/test.ts:16948:12
compile@http://localhost:9876/_karma_webpack_/2.bundle.js:14104:54
_compileComponents@http://localhost:9876/_karma_webpack_/2.bundle.js:14106:20
_compileModuleAndAllComponents@http://localhost:9876/_karma_webpack_/2.bundle.js:14023:55
compileModuleAndAllComponentsSync@http://localhost:9876/_karma_webpack_/2.bundle.js:14011:51
compileModuleAndAllComponentsSync@http://localhost:9876/_karma_webpack_/2.bundle.js:17201:68
_initIfNeeded@webpack:///C:/Users/abaj430/Documents/Projects/Reason/Reason-ux2/reason-ux/~/@angular/core/bundles/core-testing.umd.js:802:0 &lt;- src/test.ts:5414:73
createComponent@webpack:///C:/Users/abaj430/Documents/Projects/Reason/Reason-ux2/reason-ux/~/@angular/core/bundles/core-testing.umd.js:884:0 &lt;- src/test.ts:5496:31
createComponent@webpack:///C:/Users/abaj430/Documents/Projects/Reason/Reason-ux2/reason-ux/~/@angular/core/bundles/core-testing.umd.js:714:0 &lt;- src/test.ts:5326:48
webpack:///C:/Users/abaj430/Documents/Projects/Reason/Reason-ux2/reason-ux/src/app/app.component.spec.ts:28:42 &lt;- src/test.ts:24893:56
invoke@webpack:///C:/Users/abaj430/Documents/Projects/Reason/Reason-ux2/reason-ux/~/zone.js/dist/zone.js:232:0 &lt;- src/test.ts:28182:31
onInvoke@webpack:///C:/Users/abaj430/Documents/Projects/Reason/Reason-ux2/reason-ux/~/zone.js/dist/proxy.js:79:0 &lt;- src/test.ts:18594:45
invoke@webpack:///C:/Users/abaj430/Documents/Projects/Reason/Reason-ux2/reason-ux/~/zone.js/dist/zone.js:231:0 &lt;- src/test.ts:28181:40
run@webpack:///C:/Users/abaj430/Documents/Projects/Reason/Reason-ux2/reason-ux/~/zone.js/dist/zone.js:114:0 &lt;- src/test.ts:28064:49
webpack:///C:/Users/abaj430/Documents/Projects/Reason/Reason-ux2/reason-ux/~/zone.js/dist/jasmine-patch.js:102:0 &lt;- src/test.ts:18309:37
execute@webpack:///C:/Users/abaj430/Documents/Projects/Reason/Reason-ux2/reason-ux/~/zone.js/dist/jasmine-patch.js:132:0 &lt;- src/test.ts:18339:46
invokeTask@webpack:///C:/Users/abaj430/Documents/Projects/Reason/Reason-ux2/reason-ux/~/zone.js/dist/zone.js:265:0 &lt;- src/test.ts:28215:40
runTask@webpack:///C:/Users/abaj430/Documents/Projects/Reason/Reason-ux2/reason-ux/~/zone.js/dist/zone.js:154:0 &lt;- src/test.ts:28104:57
drainMicroTaskQueue@webpack:///C:/Users/abaj430/Documents/Projects/Reason/Reason-ux2/reason-ux/~/zone.js/dist/zone.js:401:0 &lt;- src/test.ts:28351:42
invoke@webpack:///C:/Users/abaj430/Documents/Projects/Reason/Reason-ux2/reason-ux/~/zone.js/dist/zone.js:339:0 &lt;- src/test.ts:28289:44
</failure>
  </testcase>
  <system-out>
    <![CDATA[
]]>
  </system-out>
  <system-err/>
</testsuite>